The target system is: Buildroot - 1 - armv7l
The host system is: Linux - 5.4.0-182-generic - x86_64
Compiling the C compiler identification source file "CMakeCCompilerId.c" succeeded.
Compiler: /home/radio/QtProjects/tools_/PlutoSDR/project_038/buildroot_038/output/host/bin/arm-linux-gnueabihf-gcc 
Build flags: -D_LARGEFILE_SOURCE;-D_LARGEFILE64_SOURCE;-D_FILE_OFFSET_BITS=64;-O2;-g0;-D_FORTIFY_SOURCE=1
Id flags:  

The output was:
0


Compilation of the C compiler identification source "CMakeCCompilerId.c" produced "a.out"

The C compiler identification is GNU, found in "/home/radio/QtProjects/tools_/PlutoSDR/project_038/buildroot_038/pluto_usb_demon/CMakeFiles/3.25.2/CompilerIdC/a.out"

Detecting C compiler ABI info compiled with the following output:
Change Dir: /home/radio/QtProjects/tools_/PlutoSDR/project_038/buildroot_038/pluto_usb_demon/CMakeFiles/CMakeScratch/TryCompile-MB5Ja6

Run Build Command(s):/usr/bin/make -f Makefile cmTC_2ce4b/fast && /usr/bin/make  -f CMakeFiles/cmTC_2ce4b.dir/build.make CMakeFiles/cmTC_2ce4b.dir/build
make[1]: Entering directory '/home/radio/QtProjects/tools_/PlutoSDR/project_038/buildroot_038/pluto_usb_demon/CMakeFiles/CMakeScratch/TryCompile-MB5Ja6'
Building C object CMakeFiles/cmTC_2ce4b.dir/CMakeCCompilerABI.c.o
/home/radio/QtProjects/tools_/PlutoSDR/project_038/buildroot_038/output/host/bin/arm-linux-gnueabihf-gcc --sysroot=/home/radio/QtProjects/tools_/PlutoSDR/project_038/buildroot_038/output/host/arm-buildroot-linux-gnueabihf/sysroot   -D_LARGEFILE_SOURCE -D_LARGEFILE64_SOURCE -D_FILE_OFFSET_BITS=64 -O2 -g0 -D_FORTIFY_SOURCE=1   -DNDEBUG   -v -o CMakeFiles/cmTC_2ce4b.dir/CMakeCCompilerABI.c.o -c /home/radio/.local/lib/python3.8/site-packages/cmake/data/share/cmake-3.25/Modules/CMakeCCompilerABI.c
Using built-in specs.
COLLECT_GCC=/home/radio/QtProjects/tools_/PlutoSDR/project_038/buildroot_038/output/host/opt/ext-toolchain/bin/arm-linux-gnueabihf-gcc
Target: arm-linux-gnueabihf
Configured with: '/home/tcwg-buildslave/workspace/tcwg-make-release/builder_arch/amd64/label/tcwg-x86_64-build/target/arm-linux-gnueabihf/snapshots/gcc.git~linaro-7.3-2018.05/configure' SHELL=/bin/bash --with-mpc=/home/tcwg-buildslave/workspace/tcwg-make-release/builder_arch/amd64/label/tcwg-x86_64-build/target/arm-linux-gnueabihf/_build/builds/destdir/x86_64-unknown-linux-gnu --with-mpfr=/home/tcwg-buildslave/workspace/tcwg-make-release/builder_arch/amd64/label/tcwg-x86_64-build/target/arm-linux-gnueabihf/_build/builds/destdir/x86_64-unknown-linux-gnu --with-gmp=/home/tcwg-buildslave/workspace/tcwg-make-release/builder_arch/amd64/label/tcwg-x86_64-build/target/arm-linux-gnueabihf/_build/builds/destdir/x86_64-unknown-linux-gnu --with-gnu-as --with-gnu-ld --disable-libmudflap --enable-lto --enable-shared --without-included-gettext --enable-nls --with-system-zlib --disable-sjlj-exceptions --enable-gnu-unique-object --enable-linker-build-id --disable-libstdcxx-pch --enable-c99 --enable-clocale=gnu --enable-libstdcxx-debug --enable-long-long --with-cloog=no --with-ppl=no --with-isl=no --disable-multilib --with-float=hard --with-fpu=vfpv3-d16 --with-mode=thumb --with-tune=cortex-a9 --with-arch=armv7-a --enable-threads=posix --enable-multiarch --enable-libstdcxx-time=yes --enable-gnu-indirect-function --with-build-sysroot=/home/tcwg-buildslave/workspace/tcwg-make-release/builder_arch/amd64/label/tcwg-x86_64-build/target/arm-linux-gnueabihf/_build/sysroots/arm-linux-gnueabihf --with-sysroot=/home/tcwg-buildslave/workspace/tcwg-make-release/builder_arch/amd64/label/tcwg-x86_64-build/target/arm-linux-gnueabihf/_build/builds/destdir/x86_64-unknown-linux-gnu/arm-linux-gnueabihf/libc --enable-checking=release --disable-bootstrap --enable-languages=c,c++,fortran,lto --build=x86_64-unknown-linux-gnu --host=x86_64-unknown-linux-gnu --target=arm-linux-gnueabihf --prefix=/home/tcwg-buildslave/workspace/tcwg-make-release/builder_arch/amd64/label/tcwg-x86_64-build/target/arm-linux-gnueabihf/_build/builds/destdir/x86_64-unknown-linux-gnu
Thread model: posix
gcc version 7.3.1 20180425 [linaro-7.3-2018.05 revision d29120a424ecfbc167ef90065c0eeb7f91977701] (Linaro GCC 7.3-2018.05) 
COLLECT_GCC_OPTIONS='-mabi=aapcs-linux' '-mfpu=neon' '-marm' '-fstack-protector-strong' '-mfloat-abi=hard' '-mcpu=cortex-a9' '-fPIE' '-pie' '-D' '_LARGEFILE_SOURCE' '-D' '_LARGEFILE64_SOURCE' '-D' '_FILE_OFFSET_BITS=64' '-O2' '-g0' '-D' '_FORTIFY_SOURCE=1' '-D' 'NDEBUG' '-v' '-o' 'CMakeFiles/cmTC_2ce4b.dir/CMakeCCompilerABI.c.o' '-c' '-mtls-dialect=gnu'
 /home/radio/QtProjects/tools_/PlutoSDR/project_038/buildroot_038/output/host/opt/ext-toolchain/bin/../libexec/gcc/arm-linux-gnueabihf/7.3.1/cc1 -quiet -v -imultilib . -imultiarch arm-linux-gnueabihf -iprefix /home/radio/QtProjects/tools_/PlutoSDR/project_038/buildroot_038/output/host/opt/ext-toolchain/bin/../lib/gcc/arm-linux-gnueabihf/7.3.1/ -isysroot /home/radio/QtProjects/tools_/PlutoSDR/project_038/buildroot_038/output/host/arm-buildroot-linux-gnueabihf/sysroot -D _LARGEFILE_SOURCE -D _LARGEFILE64_SOURCE -D _FILE_OFFSET_BITS=64 -D _FORTIFY_SOURCE=1 -D NDEBUG /home/radio/.local/lib/python3.8/site-packages/cmake/data/share/cmake-3.25/Modules/CMakeCCompilerABI.c -quiet -dumpbase CMakeCCompilerABI.c -mabi=aapcs-linux -mfpu=neon -marm -mfloat-abi=hard -mcpu=cortex-a9 -mtls-dialect=gnu -auxbase-strip CMakeFiles/cmTC_2ce4b.dir/CMakeCCompilerABI.c.o -g0 -O2 -version -fstack-protector-strong -fPIE -o /tmp/cchp9guw.s
GNU C11 (Linaro GCC 7.3-2018.05) version 7.3.1 20180425 [linaro-7.3-2018.05 revision d29120a424ecfbc167ef90065c0eeb7f91977701] (arm-linux-gnueabihf)
	compiled by GNU C version 4.8.4, GMP version 6.1.2, MPFR version 3.1.5, MPC version 1.0.3, isl version none
GGC heuristics: --param ggc-min-expand=100 --param ggc-min-heapsize=131072
ignoring duplicate directory "/home/radio/QtProjects/tools_/PlutoSDR/project_038/buildroot_038/output/host/opt/ext-toolchain/bin/../lib/gcc/../../lib/gcc/arm-linux-gnueabihf/7.3.1/include"
ignoring nonexistent directory "/home/radio/QtProjects/tools_/PlutoSDR/project_038/buildroot_038/output/host/arm-buildroot-linux-gnueabihf/sysroot/usr/local/include/arm-linux-gnueabihf"
ignoring nonexistent directory "/home/radio/QtProjects/tools_/PlutoSDR/project_038/buildroot_038/output/host/arm-buildroot-linux-gnueabihf/sysroot/usr/local/include"
ignoring duplicate directory "/home/radio/QtProjects/tools_/PlutoSDR/project_038/buildroot_038/output/host/opt/ext-toolchain/bin/../lib/gcc/../../lib/gcc/arm-linux-gnueabihf/7.3.1/include-fixed"
ignoring duplicate directory "/home/radio/QtProjects/tools_/PlutoSDR/project_038/buildroot_038/output/host/opt/ext-toolchain/bin/../lib/gcc/../../lib/gcc/arm-linux-gnueabihf/7.3.1/../../../../arm-linux-gnueabihf/include"
ignoring nonexistent directory "/home/radio/QtProjects/tools_/PlutoSDR/project_038/buildroot_038/output/host/arm-buildroot-linux-gnueabihf/sysroot/usr/include/arm-linux-gnueabihf"
#include "..." search starts here:
#include <...> search starts here:
 /home/radio/QtProjects/tools_/PlutoSDR/project_038/buildroot_038/output/host/opt/ext-toolchain/bin/../lib/gcc/arm-linux-gnueabihf/7.3.1/include
 /home/radio/QtProjects/tools_/PlutoSDR/project_038/buildroot_038/output/host/opt/ext-toolchain/bin/../lib/gcc/arm-linux-gnueabihf/7.3.1/include-fixed
 /home/radio/QtProjects/tools_/PlutoSDR/project_038/buildroot_038/output/host/opt/ext-toolchain/bin/../lib/gcc/arm-linux-gnueabihf/7.3.1/../../../../arm-linux-gnueabihf/include
 /home/radio/QtProjects/tools_/PlutoSDR/project_038/buildroot_038/output/host/arm-buildroot-linux-gnueabihf/sysroot/usr/include
End of search list.
GNU C11 (Linaro GCC 7.3-2018.05) version 7.3.1 20180425 [linaro-7.3-2018.05 revision d29120a424ecfbc167ef90065c0eeb7f91977701] (arm-linux-gnueabihf)
	compiled by GNU C version 4.8.4, GMP version 6.1.2, MPFR version 3.1.5, MPC version 1.0.3, isl version none
GGC heuristics: --param ggc-min-expand=100 --param ggc-min-heapsize=131072
Compiler executable checksum: 7c860a2e081a308b2ef3bba70fc9de07
COLLECT_GCC_OPTIONS='-mabi=aapcs-linux' '-mfpu=neon' '-marm' '-fstack-protector-strong' '-mfloat-abi=hard' '-mcpu=cortex-a9' '-fPIE' '-pie' '-D' '_LARGEFILE_SOURCE' '-D' '_LARGEFILE64_SOURCE' '-D' '_FILE_OFFSET_BITS=64' '-O2' '-g0' '-D' '_FORTIFY_SOURCE=1' '-D' 'NDEBUG' '-v' '-o' 'CMakeFiles/cmTC_2ce4b.dir/CMakeCCompilerABI.c.o' '-c' '-mtls-dialect=gnu'
 /home/radio/QtProjects/tools_/PlutoSDR/project_038/buildroot_038/output/host/opt/ext-toolchain/bin/../lib/gcc/arm-linux-gnueabihf/7.3.1/../../../../arm-linux-gnueabihf/bin/as -v -mcpu=cortex-a9 -mfloat-abi=hard -mfpu=neon -meabi=5 -o CMakeFiles/cmTC_2ce4b.dir/CMakeCCompilerABI.c.o /tmp/cchp9guw.s
GNU assembler version 2.28.2 (arm-linux-gnueabihf) using BFD version (Linaro_Binutils-2018.05) 2.28.2.20170706
COMPILER_PATH=/home/radio/QtProjects/tools_/PlutoSDR/project_038/buildroot_038/output/host/opt/ext-toolchain/bin/../libexec/gcc/arm-linux-gnueabihf/7.3.1/:/home/radio/QtProjects/tools_/PlutoSDR/project_038/buildroot_038/output/host/opt/ext-toolchain/bin/../libexec/gcc/arm-linux-gnueabihf/:/home/radio/QtProjects/tools_/PlutoSDR/project_038/buildroot_038/output/host/opt/ext-toolchain/bin/../libexec/gcc/:/home/radio/QtProjects/tools_/PlutoSDR/project_038/buildroot_038/output/host/opt/ext-toolchain/bin/../lib/gcc/arm-linux-gnueabihf/7.3.1/../../../../arm-linux-gnueabihf/bin/
LIBRARY_PATH=/home/radio/QtProjects/tools_/PlutoSDR/project_038/buildroot_038/output/host/opt/ext-toolchain/bin/../lib/gcc/arm-linux-gnueabihf/7.3.1/:/home/radio/QtProjects/tools_/PlutoSDR/project_038/buildroot_038/output/host/opt/ext-toolchain/bin/../lib/gcc/arm-linux-gnueabihf/:/home/radio/QtProjects/tools_/PlutoSDR/project_038/buildroot_038/output/host/opt/ext-toolchain/bin/../lib/gcc/:/home/radio/QtProjects/tools_/PlutoSDR/project_038/buildroot_038/output/host/opt/ext-toolchain/bin/../lib/gcc/arm-linux-gnueabihf/7.3.1/../../../../arm-linux-gnueabihf/lib/:/home/radio/QtProjects/tools_/PlutoSDR/project_038/buildroot_038/output/host/arm-buildroot-linux-gnueabihf/sysroot/lib/:/home/radio/QtProjects/tools_/PlutoSDR/project_038/buildroot_038/output/host/arm-buildroot-linux-gnueabihf/sysroot/usr/lib/
COLLECT_GCC_OPTIONS='-mabi=aapcs-linux' '-mfpu=neon' '-marm' '-fstack-protector-strong' '-mfloat-abi=hard' '-mcpu=cortex-a9' '-fPIE' '-pie' '-D' '_LARGEFILE_SOURCE' '-D' '_LARGEFILE64_SOURCE' '-D' '_FILE_OFFSET_BITS=64' '-O2' '-g0' '-D' '_FORTIFY_SOURCE=1' '-D' 'NDEBUG' '-v' '-o' 'CMakeFiles/cmTC_2ce4b.dir/CMakeCCompilerABI.c.o' '-c' '-mtls-dialect=gnu'
Linking C executable cmTC_2ce4b
/home/radio/.local/lib/python3.8/site-packages/cmake/data/bin/cmake -E cmake_link_script CMakeFiles/cmTC_2ce4b.dir/link.txt --verbose=1
/home/radio/QtProjects/tools_/PlutoSDR/project_038/buildroot_038/output/host/bin/arm-linux-gnueabihf-gcc --sysroot=/home/radio/QtProjects/tools_/PlutoSDR/project_038/buildroot_038/output/host/arm-buildroot-linux-gnueabihf/sysroot -D_LARGEFILE_SOURCE -D_LARGEFILE64_SOURCE -D_FILE_OFFSET_BITS=64 -O2 -g0 -D_FORTIFY_SOURCE=1   -DNDEBUG  -v CMakeFiles/cmTC_2ce4b.dir/CMakeCCompilerABI.c.o -o cmTC_2ce4b 
Using built-in specs.
COLLECT_GCC=/home/radio/QtProjects/tools_/PlutoSDR/project_038/buildroot_038/output/host/opt/ext-toolchain/bin/arm-linux-gnueabihf-gcc
COLLECT_LTO_WRAPPER=/home/radio/QtProjects/tools_/PlutoSDR/project_038/buildroot_038/output/host/opt/ext-toolchain/bin/../libexec/gcc/arm-linux-gnueabihf/7.3.1/lto-wrapper
Target: arm-linux-gnueabihf
Configured with: '/home/tcwg-buildslave/workspace/tcwg-make-release/builder_arch/amd64/label/tcwg-x86_64-build/target/arm-linux-gnueabihf/snapshots/gcc.git~linaro-7.3-2018.05/configure' SHELL=/bin/bash --with-mpc=/home/tcwg-buildslave/workspace/tcwg-make-release/builder_arch/amd64/label/tcwg-x86_64-build/target/arm-linux-gnueabihf/_build/builds/destdir/x86_64-unknown-linux-gnu --with-mpfr=/home/tcwg-buildslave/workspace/tcwg-make-release/builder_arch/amd64/label/tcwg-x86_64-build/target/arm-linux-gnueabihf/_build/builds/destdir/x86_64-unknown-linux-gnu --with-gmp=/home/tcwg-buildslave/workspace/tcwg-make-release/builder_arch/amd64/label/tcwg-x86_64-build/target/arm-linux-gnueabihf/_build/builds/destdir/x86_64-unknown-linux-gnu --with-gnu-as --with-gnu-ld --disable-libmudflap --enable-lto --enable-shared --without-included-gettext --enable-nls --with-system-zlib --disable-sjlj-exceptions --enable-gnu-unique-object --enable-linker-build-id --disable-libstdcxx-pch --enable-c99 --enable-clocale=gnu --enable-libstdcxx-debug --enable-long-long --with-cloog=no --with-ppl=no --with-isl=no --disable-multilib --with-float=hard --with-fpu=vfpv3-d16 --with-mode=thumb --with-tune=cortex-a9 --with-arch=armv7-a --enable-threads=posix --enable-multiarch --enable-libstdcxx-time=yes --enable-gnu-indirect-function --with-build-sysroot=/home/tcwg-buildslave/workspace/tcwg-make-release/builder_arch/amd64/label/tcwg-x86_64-build/target/arm-linux-gnueabihf/_build/sysroots/arm-linux-gnueabihf --with-sysroot=/home/tcwg-buildslave/workspace/tcwg-make-release/builder_arch/amd64/label/tcwg-x86_64-build/target/arm-linux-gnueabihf/_build/builds/destdir/x86_64-unknown-linux-gnu/arm-linux-gnueabihf/libc --enable-checking=release --disable-bootstrap --enable-languages=c,c++,fortran,lto --build=x86_64-unknown-linux-gnu --host=x86_64-unknown-linux-gnu --target=arm-linux-gnueabihf --prefix=/home/tcwg-buildslave/workspace/tcwg-make-release/builder_arch/amd64/label/tcwg-x86_64-build/target/arm-linux-gnueabihf/_build/builds/destdir/x86_64-unknown-linux-gnu
Thread model: posix
gcc version 7.3.1 20180425 [linaro-7.3-2018.05 revision d29120a424ecfbc167ef90065c0eeb7f91977701] (Linaro GCC 7.3-2018.05) 
COMPILER_PATH=/home/radio/QtProjects/tools_/PlutoSDR/project_038/buildroot_038/output/host/opt/ext-toolchain/bin/../libexec/gcc/arm-linux-gnueabihf/7.3.1/:/home/radio/QtProjects/tools_/PlutoSDR/project_038/buildroot_038/output/host/opt/ext-toolchain/bin/../libexec/gcc/arm-linux-gnueabihf/:/home/radio/QtProjects/tools_/PlutoSDR/project_038/buildroot_038/output/host/opt/ext-toolchain/bin/../libexec/gcc/:/home/radio/QtProjects/tools_/PlutoSDR/project_038/buildroot_038/output/host/opt/ext-toolchain/bin/../lib/gcc/arm-linux-gnueabihf/7.3.1/../../../../arm-linux-gnueabihf/bin/
LIBRARY_PATH=/home/radio/QtProjects/tools_/PlutoSDR/project_038/buildroot_038/output/host/opt/ext-toolchain/bin/../lib/gcc/arm-linux-gnueabihf/7.3.1/:/home/radio/QtProjects/tools_/PlutoSDR/project_038/buildroot_038/output/host/opt/ext-toolchain/bin/../lib/gcc/arm-linux-gnueabihf/:/home/radio/QtProjects/tools_/PlutoSDR/project_038/buildroot_038/output/host/opt/ext-toolchain/bin/../lib/gcc/:/home/radio/QtProjects/tools_/PlutoSDR/project_038/buildroot_038/output/host/opt/ext-toolchain/bin/../lib/gcc/arm-linux-gnueabihf/7.3.1/../../../../arm-linux-gnueabihf/lib/:/home/radio/QtProjects/tools_/PlutoSDR/project_038/buildroot_038/output/host/arm-buildroot-linux-gnueabihf/sysroot/lib/:/home/radio/QtProjects/tools_/PlutoSDR/project_038/buildroot_038/output/host/arm-buildroot-linux-gnueabihf/sysroot/usr/lib/
COLLECT_GCC_OPTIONS='-mabi=aapcs-linux' '-mfpu=neon' '-marm' '-fstack-protector-strong' '-mfloat-abi=hard' '-mcpu=cortex-a9' '-fPIE' '-pie' '-D' '_LARGEFILE_SOURCE' '-D' '_LARGEFILE64_SOURCE' '-D' '_FILE_OFFSET_BITS=64' '-O2' '-g0' '-D' '_FORTIFY_SOURCE=1' '-D' 'NDEBUG' '-v' '-o' 'cmTC_2ce4b' '-mtls-dialect=gnu'
 /home/radio/QtProjects/tools_/PlutoSDR/project_038/buildroot_038/output/host/opt/ext-toolchain/bin/../libexec/gcc/arm-linux-gnueabihf/7.3.1/collect2 -plugin /home/radio/QtProjects/tools_/PlutoSDR/project_038/buildroot_038/output/host/opt/ext-toolchain/bin/../libexec/gcc/arm-linux-gnueabihf/7.3.1/liblto_plugin.so -plugin-opt=/home/radio/QtProjects/tools_/PlutoSDR/project_038/buildroot_038/output/host/opt/ext-toolchain/bin/../libexec/gcc/arm-linux-gnueabihf/7.3.1/lto-wrapper -plugin-opt=-fresolution=/tmp/ccy9rRtW.res -plugin-opt=-pass-through=-lgcc -plugin-opt=-pass-through=-lgcc_s -plugin-opt=-pass-through=-lc -plugin-opt=-pass-through=-lgcc -plugin-opt=-pass-through=-lgcc_s --sysroot=/home/radio/QtProjects/tools_/PlutoSDR/project_038/buildroot_038/output/host/arm-buildroot-linux-gnueabihf/sysroot --build-id --eh-frame-hdr -dynamic-linker /lib/ld-linux-armhf.so.3 -X -m armelf_linux_eabi -pie -o cmTC_2ce4b /home/radio/QtProjects/tools_/PlutoSDR/project_038/buildroot_038/output/host/arm-buildroot-linux-gnueabihf/sysroot/usr/lib/Scrt1.o /home/radio/QtProjects/tools_/PlutoSDR/project_038/buildroot_038/output/host/arm-buildroot-linux-gnueabihf/sysroot/usr/lib/crti.o /home/radio/QtProjects/tools_/PlutoSDR/project_038/buildroot_038/output/host/opt/ext-toolchain/bin/../lib/gcc/arm-linux-gnueabihf/7.3.1/crtbeginS.o -L/home/radio/QtProjects/tools_/PlutoSDR/project_038/buildroot_038/output/host/opt/ext-toolchain/bin/../lib/gcc/arm-linux-gnueabihf/7.3.1 -L/home/radio/QtProjects/tools_/PlutoSDR/project_038/buildroot_038/output/host/opt/ext-toolchain/bin/../lib/gcc/arm-linux-gnueabihf -L/home/radio/QtProjects/tools_/PlutoSDR/project_038/buildroot_038/output/host/opt/ext-toolchain/bin/../lib/gcc -L/home/radio/QtProjects/tools_/PlutoSDR/project_038/buildroot_038/output/host/opt/ext-toolchain/bin/../lib/gcc/arm-linux-gnueabihf/7.3.1/../../../../arm-linux-gnueabihf/lib -L/home/radio/QtProjects/tools_/PlutoSDR/project_038/buildroot_038/output/host/arm-buildroot-linux-gnueabihf/sysroot/lib -L/home/radio/QtProjects/tools_/PlutoSDR/project_038/buildroot_038/output/host/arm-buildroot-linux-gnueabihf/sysroot/usr/lib -z now -z relro CMakeFiles/cmTC_2ce4b.dir/CMakeCCompilerABI.c.o -lgcc --as-needed -lgcc_s --no-as-needed -lc -lgcc --as-needed -lgcc_s --no-as-needed /home/radio/QtProjects/tools_/PlutoSDR/project_038/buildroot_038/output/host/opt/ext-toolchain/bin/../lib/gcc/arm-linux-gnueabihf/7.3.1/crtendS.o /home/radio/QtProjects/tools_/PlutoSDR/project_038/buildroot_038/output/host/arm-buildroot-linux-gnueabihf/sysroot/usr/lib/crtn.o
COLLECT_GCC_OPTIONS='-mabi=aapcs-linux' '-mfpu=neon' '-marm' '-fstack-protector-strong' '-mfloat-abi=hard' '-mcpu=cortex-a9' '-fPIE' '-pie' '-D' '_LARGEFILE_SOURCE' '-D' '_LARGEFILE64_SOURCE' '-D' '_FILE_OFFSET_BITS=64' '-O2' '-g0' '-D' '_FORTIFY_SOURCE=1' '-D' 'NDEBUG' '-v' '-o' 'cmTC_2ce4b' '-mtls-dialect=gnu'
make[1]: Leaving directory '/home/radio/QtProjects/tools_/PlutoSDR/project_038/buildroot_038/pluto_usb_demon/CMakeFiles/CMakeScratch/TryCompile-MB5Ja6'



Parsed C implicit include dir info from above output: rv=done
  found start of include info
  found start of implicit include info
    add: [/home/radio/QtProjects/tools_/PlutoSDR/project_038/buildroot_038/output/host/opt/ext-toolchain/bin/../lib/gcc/arm-linux-gnueabihf/7.3.1/include]
    add: [/home/radio/QtProjects/tools_/PlutoSDR/project_038/buildroot_038/output/host/opt/ext-toolchain/bin/../lib/gcc/arm-linux-gnueabihf/7.3.1/include-fixed]
    add: [/home/radio/QtProjects/tools_/PlutoSDR/project_038/buildroot_038/output/host/opt/ext-toolchain/bin/../lib/gcc/arm-linux-gnueabihf/7.3.1/../../../../arm-linux-gnueabihf/include]
    add: [/home/radio/QtProjects/tools_/PlutoSDR/project_038/buildroot_038/output/host/arm-buildroot-linux-gnueabihf/sysroot/usr/include]
  end of search list found
  collapse include dir [/home/radio/QtProjects/tools_/PlutoSDR/project_038/buildroot_038/output/host/opt/ext-toolchain/bin/../lib/gcc/arm-linux-gnueabihf/7.3.1/include] ==> [/home/radio/QtProjects/tools_/PlutoSDR/project_038/buildroot_038/output/host/opt/ext-toolchain/lib/gcc/arm-linux-gnueabihf/7.3.1/include]
  collapse include dir [/home/radio/QtProjects/tools_/PlutoSDR/project_038/buildroot_038/output/host/opt/ext-toolchain/bin/../lib/gcc/arm-linux-gnueabihf/7.3.1/include-fixed] ==> [/home/radio/QtProjects/tools_/PlutoSDR/project_038/buildroot_038/output/host/opt/ext-toolchain/lib/gcc/arm-linux-gnueabihf/7.3.1/include-fixed]
  collapse include dir [/home/radio/QtProjects/tools_/PlutoSDR/project_038/buildroot_038/output/host/opt/ext-toolchain/bin/../lib/gcc/arm-linux-gnueabihf/7.3.1/../../../../arm-linux-gnueabihf/include] ==> [/home/radio/QtProjects/tools_/PlutoSDR/project_038/buildroot_038/output/host/opt/ext-toolchain/arm-linux-gnueabihf/include]
  collapse include dir [/home/radio/QtProjects/tools_/PlutoSDR/project_038/buildroot_038/output/host/arm-buildroot-linux-gnueabihf/sysroot/usr/include] ==> [/home/radio/QtProjects/tools_/PlutoSDR/project_038/buildroot_038/output/host/arm-buildroot-linux-gnueabihf/sysroot/usr/include]
  implicit include dirs: [/home/radio/QtProjects/tools_/PlutoSDR/project_038/buildroot_038/output/host/opt/ext-toolchain/lib/gcc/arm-linux-gnueabihf/7.3.1/include;/home/radio/QtProjects/tools_/PlutoSDR/project_038/buildroot_038/output/host/opt/ext-toolchain/lib/gcc/arm-linux-gnueabihf/7.3.1/include-fixed;/home/radio/QtProjects/tools_/PlutoSDR/project_038/buildroot_038/output/host/opt/ext-toolchain/arm-linux-gnueabihf/include;/home/radio/QtProjects/tools_/PlutoSDR/project_038/buildroot_038/output/host/arm-buildroot-linux-gnueabihf/sysroot/usr/include]


Parsed C implicit link information from above output:
  link line regex: [^( *|.*[/\])(arm-linux-gnueabihf-ld|CMAKE_LINK_STARTFILE-NOTFOUND|([^/\]+-)?ld|collect2)[^/\]*( |$)]
  ignore line: [Change Dir: /home/radio/QtProjects/tools_/PlutoSDR/project_038/buildroot_038/pluto_usb_demon/CMakeFiles/CMakeScratch/TryCompile-MB5Ja6]
  ignore line: []
  ignore line: [Run Build Command(s):/usr/bin/make -f Makefile cmTC_2ce4b/fast && /usr/bin/make  -f CMakeFiles/cmTC_2ce4b.dir/build.make CMakeFiles/cmTC_2ce4b.dir/build]
  ignore line: [make[1]: Entering directory '/home/radio/QtProjects/tools_/PlutoSDR/project_038/buildroot_038/pluto_usb_demon/CMakeFiles/CMakeScratch/TryCompile-MB5Ja6']
  ignore line: [Building C object CMakeFiles/cmTC_2ce4b.dir/CMakeCCompilerABI.c.o]
  ignore line: [/home/radio/QtProjects/tools_/PlutoSDR/project_038/buildroot_038/output/host/bin/arm-linux-gnueabihf-gcc --sysroot=/home/radio/QtProjects/tools_/PlutoSDR/project_038/buildroot_038/output/host/arm-buildroot-linux-gnueabihf/sysroot   -D_LARGEFILE_SOURCE -D_LARGEFILE64_SOURCE -D_FILE_OFFSET_BITS=64 -O2 -g0 -D_FORTIFY_SOURCE=1   -DNDEBUG   -v -o CMakeFiles/cmTC_2ce4b.dir/CMakeCCompilerABI.c.o -c /home/radio/.local/lib/python3.8/site-packages/cmake/data/share/cmake-3.25/Modules/CMakeCCompilerABI.c]
  ignore line: [Using built-in specs.]
  ignore line: [COLLECT_GCC=/home/radio/QtProjects/tools_/PlutoSDR/project_038/buildroot_038/output/host/opt/ext-toolchain/bin/arm-linux-gnueabihf-gcc]
  ignore line: [Target: arm-linux-gnueabihf]
  ignore line: [Configured with: '/home/tcwg-buildslave/workspace/tcwg-make-release/builder_arch/amd64/label/tcwg-x86_64-build/target/arm-linux-gnueabihf/snapshots/gcc.git~linaro-7.3-2018.05/configure' SHELL=/bin/bash --with-mpc=/home/tcwg-buildslave/workspace/tcwg-make-release/builder_arch/amd64/label/tcwg-x86_64-build/target/arm-linux-gnueabihf/_build/builds/destdir/x86_64-unknown-linux-gnu --with-mpfr=/home/tcwg-buildslave/workspace/tcwg-make-release/builder_arch/amd64/label/tcwg-x86_64-build/target/arm-linux-gnueabihf/_build/builds/destdir/x86_64-unknown-linux-gnu --with-gmp=/home/tcwg-buildslave/workspace/tcwg-make-release/builder_arch/amd64/label/tcwg-x86_64-build/target/arm-linux-gnueabihf/_build/builds/destdir/x86_64-unknown-linux-gnu --with-gnu-as --with-gnu-ld --disable-libmudflap --enable-lto --enable-shared --without-included-gettext --enable-nls --with-system-zlib --disable-sjlj-exceptions --enable-gnu-unique-object --enable-linker-build-id --disable-libstdcxx-pch --enable-c99 --enable-clocale=gnu --enable-libstdcxx-debug --enable-long-long --with-cloog=no --with-ppl=no --with-isl=no --disable-multilib --with-float=hard --with-fpu=vfpv3-d16 --with-mode=thumb --with-tune=cortex-a9 --with-arch=armv7-a --enable-threads=posix --enable-multiarch --enable-libstdcxx-time=yes --enable-gnu-indirect-function --with-build-sysroot=/home/tcwg-buildslave/workspace/tcwg-make-release/builder_arch/amd64/label/tcwg-x86_64-build/target/arm-linux-gnueabihf/_build/sysroots/arm-linux-gnueabihf --with-sysroot=/home/tcwg-buildslave/workspace/tcwg-make-release/builder_arch/amd64/label/tcwg-x86_64-build/target/arm-linux-gnueabihf/_build/builds/destdir/x86_64-unknown-linux-gnu/arm-linux-gnueabihf/libc --enable-checking=release --disable-bootstrap --enable-languages=c,c++,fortran,lto --build=x86_64-unknown-linux-gnu --host=x86_64-unknown-linux-gnu --target=arm-linux-gnueabihf --prefix=/home/tcwg-buildslave/workspace/tcwg-make-release/builder_arch/amd64/label/tcwg-x86_64-build/target/arm-linux-gnueabihf/_build/builds/destdir/x86_64-unknown-linux-gnu]
  ignore line: [Thread model: posix]
  ignore line: [gcc version 7.3.1 20180425 [linaro-7.3-2018.05 revision d29120a424ecfbc167ef90065c0eeb7f91977701] (Linaro GCC 7.3-2018.05) ]
  ignore line: [COLLECT_GCC_OPTIONS='-mabi=aapcs-linux' '-mfpu=neon' '-marm' '-fstack-protector-strong' '-mfloat-abi=hard' '-mcpu=cortex-a9' '-fPIE' '-pie' '-D' '_LARGEFILE_SOURCE' '-D' '_LARGEFILE64_SOURCE' '-D' '_FILE_OFFSET_BITS=64' '-O2' '-g0' '-D' '_FORTIFY_SOURCE=1' '-D' 'NDEBUG' '-v' '-o' 'CMakeFiles/cmTC_2ce4b.dir/CMakeCCompilerABI.c.o' '-c' '-mtls-dialect=gnu']
  ignore line: [ /home/radio/QtProjects/tools_/PlutoSDR/project_038/buildroot_038/output/host/opt/ext-toolchain/bin/../libexec/gcc/arm-linux-gnueabihf/7.3.1/cc1 -quiet -v -imultilib . -imultiarch arm-linux-gnueabihf -iprefix /home/radio/QtProjects/tools_/PlutoSDR/project_038/buildroot_038/output/host/opt/ext-toolchain/bin/../lib/gcc/arm-linux-gnueabihf/7.3.1/ -isysroot /home/radio/QtProjects/tools_/PlutoSDR/project_038/buildroot_038/output/host/arm-buildroot-linux-gnueabihf/sysroot -D _LARGEFILE_SOURCE -D _LARGEFILE64_SOURCE -D _FILE_OFFSET_BITS=64 -D _FORTIFY_SOURCE=1 -D NDEBUG /home/radio/.local/lib/python3.8/site-packages/cmake/data/share/cmake-3.25/Modules/CMakeCCompilerABI.c -quiet -dumpbase CMakeCCompilerABI.c -mabi=aapcs-linux -mfpu=neon -marm -mfloat-abi=hard -mcpu=cortex-a9 -mtls-dialect=gnu -auxbase-strip CMakeFiles/cmTC_2ce4b.dir/CMakeCCompilerABI.c.o -g0 -O2 -version -fstack-protector-strong -fPIE -o /tmp/cchp9guw.s]
  ignore line: [GNU C11 (Linaro GCC 7.3-2018.05) version 7.3.1 20180425 [linaro-7.3-2018.05 revision d29120a424ecfbc167ef90065c0eeb7f91977701] (arm-linux-gnueabihf)]
  ignore line: [	compiled by GNU C version 4.8.4  GMP version 6.1.2  MPFR version 3.1.5  MPC version 1.0.3  isl version none]
  ignore line: [GGC heuristics: --param ggc-min-expand=100 --param ggc-min-heapsize=131072]
  ignore line: [ignoring duplicate directory "/home/radio/QtProjects/tools_/PlutoSDR/project_038/buildroot_038/output/host/opt/ext-toolchain/bin/../lib/gcc/../../lib/gcc/arm-linux-gnueabihf/7.3.1/include"]
  ignore line: [ignoring nonexistent directory "/home/radio/QtProjects/tools_/PlutoSDR/project_038/buildroot_038/output/host/arm-buildroot-linux-gnueabihf/sysroot/usr/local/include/arm-linux-gnueabihf"]
  ignore line: [ignoring nonexistent directory "/home/radio/QtProjects/tools_/PlutoSDR/project_038/buildroot_038/output/host/arm-buildroot-linux-gnueabihf/sysroot/usr/local/include"]
  ignore line: [ignoring duplicate directory "/home/radio/QtProjects/tools_/PlutoSDR/project_038/buildroot_038/output/host/opt/ext-toolchain/bin/../lib/gcc/../../lib/gcc/arm-linux-gnueabihf/7.3.1/include-fixed"]
  ignore line: [ignoring duplicate directory "/home/radio/QtProjects/tools_/PlutoSDR/project_038/buildroot_038/output/host/opt/ext-toolchain/bin/../lib/gcc/../../lib/gcc/arm-linux-gnueabihf/7.3.1/../../../../arm-linux-gnueabihf/include"]
  ignore line: [ignoring nonexistent directory "/home/radio/QtProjects/tools_/PlutoSDR/project_038/buildroot_038/output/host/arm-buildroot-linux-gnueabihf/sysroot/usr/include/arm-linux-gnueabihf"]
  ignore line: [#include "..." search starts here:]
  ignore line: [#include <...> search starts here:]
  ignore line: [ /home/radio/QtProjects/tools_/PlutoSDR/project_038/buildroot_038/output/host/opt/ext-toolchain/bin/../lib/gcc/arm-linux-gnueabihf/7.3.1/include]
  ignore line: [ /home/radio/QtProjects/tools_/PlutoSDR/project_038/buildroot_038/output/host/opt/ext-toolchain/bin/../lib/gcc/arm-linux-gnueabihf/7.3.1/include-fixed]
  ignore line: [ /home/radio/QtProjects/tools_/PlutoSDR/project_038/buildroot_038/output/host/opt/ext-toolchain/bin/../lib/gcc/arm-linux-gnueabihf/7.3.1/../../../../arm-linux-gnueabihf/include]
  ignore line: [ /home/radio/QtProjects/tools_/PlutoSDR/project_038/buildroot_038/output/host/arm-buildroot-linux-gnueabihf/sysroot/usr/include]
  ignore line: [End of search list.]
  ignore line: [GNU C11 (Linaro GCC 7.3-2018.05) version 7.3.1 20180425 [linaro-7.3-2018.05 revision d29120a424ecfbc167ef90065c0eeb7f91977701] (arm-linux-gnueabihf)]
  ignore line: [	compiled by GNU C version 4.8.4  GMP version 6.1.2  MPFR version 3.1.5  MPC version 1.0.3  isl version none]
  ignore line: [GGC heuristics: --param ggc-min-expand=100 --param ggc-min-heapsize=131072]
  ignore line: [Compiler executable checksum: 7c860a2e081a308b2ef3bba70fc9de07]
  ignore line: [COLLECT_GCC_OPTIONS='-mabi=aapcs-linux' '-mfpu=neon' '-marm' '-fstack-protector-strong' '-mfloat-abi=hard' '-mcpu=cortex-a9' '-fPIE' '-pie' '-D' '_LARGEFILE_SOURCE' '-D' '_LARGEFILE64_SOURCE' '-D' '_FILE_OFFSET_BITS=64' '-O2' '-g0' '-D' '_FORTIFY_SOURCE=1' '-D' 'NDEBUG' '-v' '-o' 'CMakeFiles/cmTC_2ce4b.dir/CMakeCCompilerABI.c.o' '-c' '-mtls-dialect=gnu']
  ignore line: [ /home/radio/QtProjects/tools_/PlutoSDR/project_038/buildroot_038/output/host/opt/ext-toolchain/bin/../lib/gcc/arm-linux-gnueabihf/7.3.1/../../../../arm-linux-gnueabihf/bin/as -v -mcpu=cortex-a9 -mfloat-abi=hard -mfpu=neon -meabi=5 -o CMakeFiles/cmTC_2ce4b.dir/CMakeCCompilerABI.c.o /tmp/cchp9guw.s]
  ignore line: [GNU assembler version 2.28.2 (arm-linux-gnueabihf) using BFD version (Linaro_Binutils-2018.05) 2.28.2.20170706]
  ignore line: [COMPILER_PATH=/home/radio/QtProjects/tools_/PlutoSDR/project_038/buildroot_038/output/host/opt/ext-toolchain/bin/../libexec/gcc/arm-linux-gnueabihf/7.3.1/:/home/radio/QtProjects/tools_/PlutoSDR/project_038/buildroot_038/output/host/opt/ext-toolchain/bin/../libexec/gcc/arm-linux-gnueabihf/:/home/radio/QtProjects/tools_/PlutoSDR/project_038/buildroot_038/output/host/opt/ext-toolchain/bin/../libexec/gcc/:/home/radio/QtProjects/tools_/PlutoSDR/project_038/buildroot_038/output/host/opt/ext-toolchain/bin/../lib/gcc/arm-linux-gnueabihf/7.3.1/../../../../arm-linux-gnueabihf/bin/]
  ignore line: [LIBRARY_PATH=/home/radio/QtProjects/tools_/PlutoSDR/project_038/buildroot_038/output/host/opt/ext-toolchain/bin/../lib/gcc/arm-linux-gnueabihf/7.3.1/:/home/radio/QtProjects/tools_/PlutoSDR/project_038/buildroot_038/output/host/opt/ext-toolchain/bin/../lib/gcc/arm-linux-gnueabihf/:/home/radio/QtProjects/tools_/PlutoSDR/project_038/buildroot_038/output/host/opt/ext-toolchain/bin/../lib/gcc/:/home/radio/QtProjects/tools_/PlutoSDR/project_038/buildroot_038/output/host/opt/ext-toolchain/bin/../lib/gcc/arm-linux-gnueabihf/7.3.1/../../../../arm-linux-gnueabihf/lib/:/home/radio/QtProjects/tools_/PlutoSDR/project_038/buildroot_038/output/host/arm-buildroot-linux-gnueabihf/sysroot/lib/:/home/radio/QtProjects/tools_/PlutoSDR/project_038/buildroot_038/output/host/arm-buildroot-linux-gnueabihf/sysroot/usr/lib/]
  ignore line: [COLLECT_GCC_OPTIONS='-mabi=aapcs-linux' '-mfpu=neon' '-marm' '-fstack-protector-strong' '-mfloat-abi=hard' '-mcpu=cortex-a9' '-fPIE' '-pie' '-D' '_LARGEFILE_SOURCE' '-D' '_LARGEFILE64_SOURCE' '-D' '_FILE_OFFSET_BITS=64' '-O2' '-g0' '-D' '_FORTIFY_SOURCE=1' '-D' 'NDEBUG' '-v' '-o' 'CMakeFiles/cmTC_2ce4b.dir/CMakeCCompilerABI.c.o' '-c' '-mtls-dialect=gnu']
  ignore line: [Linking C executable cmTC_2ce4b]
  ignore line: [/home/radio/.local/lib/python3.8/site-packages/cmake/data/bin/cmake -E cmake_link_script CMakeFiles/cmTC_2ce4b.dir/link.txt --verbose=1]
  ignore line: [/home/radio/QtProjects/tools_/PlutoSDR/project_038/buildroot_038/output/host/bin/arm-linux-gnueabihf-gcc --sysroot=/home/radio/QtProjects/tools_/PlutoSDR/project_038/buildroot_038/output/host/arm-buildroot-linux-gnueabihf/sysroot -D_LARGEFILE_SOURCE -D_LARGEFILE64_SOURCE -D_FILE_OFFSET_BITS=64 -O2 -g0 -D_FORTIFY_SOURCE=1   -DNDEBUG  -v CMakeFiles/cmTC_2ce4b.dir/CMakeCCompilerABI.c.o -o cmTC_2ce4b ]
  ignore line: [Using built-in specs.]
  ignore line: [COLLECT_GCC=/home/radio/QtProjects/tools_/PlutoSDR/project_038/buildroot_038/output/host/opt/ext-toolchain/bin/arm-linux-gnueabihf-gcc]
  ignore line: [COLLECT_LTO_WRAPPER=/home/radio/QtProjects/tools_/PlutoSDR/project_038/buildroot_038/output/host/opt/ext-toolchain/bin/../libexec/gcc/arm-linux-gnueabihf/7.3.1/lto-wrapper]
  ignore line: [Target: arm-linux-gnueabihf]
  ignore line: [Configured with: '/home/tcwg-buildslave/workspace/tcwg-make-release/builder_arch/amd64/label/tcwg-x86_64-build/target/arm-linux-gnueabihf/snapshots/gcc.git~linaro-7.3-2018.05/configure' SHELL=/bin/bash --with-mpc=/home/tcwg-buildslave/workspace/tcwg-make-release/builder_arch/amd64/label/tcwg-x86_64-build/target/arm-linux-gnueabihf/_build/builds/destdir/x86_64-unknown-linux-gnu --with-mpfr=/home/tcwg-buildslave/workspace/tcwg-make-release/builder_arch/amd64/label/tcwg-x86_64-build/target/arm-linux-gnueabihf/_build/builds/destdir/x86_64-unknown-linux-gnu --with-gmp=/home/tcwg-buildslave/workspace/tcwg-make-release/builder_arch/amd64/label/tcwg-x86_64-build/target/arm-linux-gnueabihf/_build/builds/destdir/x86_64-unknown-linux-gnu --with-gnu-as --with-gnu-ld --disable-libmudflap --enable-lto --enable-shared --without-included-gettext --enable-nls --with-system-zlib --disable-sjlj-exceptions --enable-gnu-unique-object --enable-linker-build-id --disable-libstdcxx-pch --enable-c99 --enable-clocale=gnu --enable-libstdcxx-debug --enable-long-long --with-cloog=no --with-ppl=no --with-isl=no --disable-multilib --with-float=hard --with-fpu=vfpv3-d16 --with-mode=thumb --with-tune=cortex-a9 --with-arch=armv7-a --enable-threads=posix --enable-multiarch --enable-libstdcxx-time=yes --enable-gnu-indirect-function --with-build-sysroot=/home/tcwg-buildslave/workspace/tcwg-make-release/builder_arch/amd64/label/tcwg-x86_64-build/target/arm-linux-gnueabihf/_build/sysroots/arm-linux-gnueabihf --with-sysroot=/home/tcwg-buildslave/workspace/tcwg-make-release/builder_arch/amd64/label/tcwg-x86_64-build/target/arm-linux-gnueabihf/_build/builds/destdir/x86_64-unknown-linux-gnu/arm-linux-gnueabihf/libc --enable-checking=release --disable-bootstrap --enable-languages=c,c++,fortran,lto --build=x86_64-unknown-linux-gnu --host=x86_64-unknown-linux-gnu --target=arm-linux-gnueabihf --prefix=/home/tcwg-buildslave/workspace/tcwg-make-release/builder_arch/amd64/label/tcwg-x86_64-build/target/arm-linux-gnueabihf/_build/builds/destdir/x86_64-unknown-linux-gnu]
  ignore line: [Thread model: posix]
  ignore line: [gcc version 7.3.1 20180425 [linaro-7.3-2018.05 revision d29120a424ecfbc167ef90065c0eeb7f91977701] (Linaro GCC 7.3-2018.05) ]
  ignore line: [COMPILER_PATH=/home/radio/QtProjects/tools_/PlutoSDR/project_038/buildroot_038/output/host/opt/ext-toolchain/bin/../libexec/gcc/arm-linux-gnueabihf/7.3.1/:/home/radio/QtProjects/tools_/PlutoSDR/project_038/buildroot_038/output/host/opt/ext-toolchain/bin/../libexec/gcc/arm-linux-gnueabihf/:/home/radio/QtProjects/tools_/PlutoSDR/project_038/buildroot_038/output/host/opt/ext-toolchain/bin/../libexec/gcc/:/home/radio/QtProjects/tools_/PlutoSDR/project_038/buildroot_038/output/host/opt/ext-toolchain/bin/../lib/gcc/arm-linux-gnueabihf/7.3.1/../../../../arm-linux-gnueabihf/bin/]
  ignore line: [LIBRARY_PATH=/home/radio/QtProjects/tools_/PlutoSDR/project_038/buildroot_038/output/host/opt/ext-toolchain/bin/../lib/gcc/arm-linux-gnueabihf/7.3.1/:/home/radio/QtProjects/tools_/PlutoSDR/project_038/buildroot_038/output/host/opt/ext-toolchain/bin/../lib/gcc/arm-linux-gnueabihf/:/home/radio/QtProjects/tools_/PlutoSDR/project_038/buildroot_038/output/host/opt/ext-toolchain/bin/../lib/gcc/:/home/radio/QtProjects/tools_/PlutoSDR/project_038/buildroot_038/output/host/opt/ext-toolchain/bin/../lib/gcc/arm-linux-gnueabihf/7.3.1/../../../../arm-linux-gnueabihf/lib/:/home/radio/QtProjects/tools_/PlutoSDR/project_038/buildroot_038/output/host/arm-buildroot-linux-gnueabihf/sysroot/lib/:/home/radio/QtProjects/tools_/PlutoSDR/project_038/buildroot_038/output/host/arm-buildroot-linux-gnueabihf/sysroot/usr/lib/]
  ignore line: [COLLECT_GCC_OPTIONS='-mabi=aapcs-linux' '-mfpu=neon' '-marm' '-fstack-protector-strong' '-mfloat-abi=hard' '-mcpu=cortex-a9' '-fPIE' '-pie' '-D' '_LARGEFILE_SOURCE' '-D' '_LARGEFILE64_SOURCE' '-D' '_FILE_OFFSET_BITS=64' '-O2' '-g0' '-D' '_FORTIFY_SOURCE=1' '-D' 'NDEBUG' '-v' '-o' 'cmTC_2ce4b' '-mtls-dialect=gnu']
  link line: [ /home/radio/QtProjects/tools_/PlutoSDR/project_038/buildroot_038/output/host/opt/ext-toolchain/bin/../libexec/gcc/arm-linux-gnueabihf/7.3.1/collect2 -plugin /home/radio/QtProjects/tools_/PlutoSDR/project_038/buildroot_038/output/host/opt/ext-toolchain/bin/../libexec/gcc/arm-linux-gnueabihf/7.3.1/liblto_plugin.so -plugin-opt=/home/radio/QtProjects/tools_/PlutoSDR/project_038/buildroot_038/output/host/opt/ext-toolchain/bin/../libexec/gcc/arm-linux-gnueabihf/7.3.1/lto-wrapper -plugin-opt=-fresolution=/tmp/ccy9rRtW.res -plugin-opt=-pass-through=-lgcc -plugin-opt=-pass-through=-lgcc_s -plugin-opt=-pass-through=-lc -plugin-opt=-pass-through=-lgcc -plugin-opt=-pass-through=-lgcc_s --sysroot=/home/radio/QtProjects/tools_/PlutoSDR/project_038/buildroot_038/output/host/arm-buildroot-linux-gnueabihf/sysroot --build-id --eh-frame-hdr -dynamic-linker /lib/ld-linux-armhf.so.3 -X -m armelf_linux_eabi -pie -o cmTC_2ce4b /home/radio/QtProjects/tools_/PlutoSDR/project_038/buildroot_038/output/host/arm-buildroot-linux-gnueabihf/sysroot/usr/lib/Scrt1.o /home/radio/QtProjects/tools_/PlutoSDR/project_038/buildroot_038/output/host/arm-buildroot-linux-gnueabihf/sysroot/usr/lib/crti.o /home/radio/QtProjects/tools_/PlutoSDR/project_038/buildroot_038/output/host/opt/ext-toolchain/bin/../lib/gcc/arm-linux-gnueabihf/7.3.1/crtbeginS.o -L/home/radio/QtProjects/tools_/PlutoSDR/project_038/buildroot_038/output/host/opt/ext-toolchain/bin/../lib/gcc/arm-linux-gnueabihf/7.3.1 -L/home/radio/QtProjects/tools_/PlutoSDR/project_038/buildroot_038/output/host/opt/ext-toolchain/bin/../lib/gcc/arm-linux-gnueabihf -L/home/radio/QtProjects/tools_/PlutoSDR/project_038/buildroot_038/output/host/opt/ext-toolchain/bin/../lib/gcc -L/home/radio/QtProjects/tools_/PlutoSDR/project_038/buildroot_038/output/host/opt/ext-toolchain/bin/../lib/gcc/arm-linux-gnueabihf/7.3.1/../../../../arm-linux-gnueabihf/lib -L/home/radio/QtProjects/tools_/PlutoSDR/project_038/buildroot_038/output/host/arm-buildroot-linux-gnueabihf/sysroot/lib -L/home/radio/QtProjects/tools_/PlutoSDR/project_038/buildroot_038/output/host/arm-buildroot-linux-gnueabihf/sysroot/usr/lib -z now -z relro CMakeFiles/cmTC_2ce4b.dir/CMakeCCompilerABI.c.o -lgcc --as-needed -lgcc_s --no-as-needed -lc -lgcc --as-needed -lgcc_s --no-as-needed /home/radio/QtProjects/tools_/PlutoSDR/project_038/buildroot_038/output/host/opt/ext-toolchain/bin/../lib/gcc/arm-linux-gnueabihf/7.3.1/crtendS.o /home/radio/QtProjects/tools_/PlutoSDR/project_038/buildroot_038/output/host/arm-buildroot-linux-gnueabihf/sysroot/usr/lib/crtn.o]
    arg [/home/radio/QtProjects/tools_/PlutoSDR/project_038/buildroot_038/output/host/opt/ext-toolchain/bin/../libexec/gcc/arm-linux-gnueabihf/7.3.1/collect2] ==> ignore
    arg [-plugin] ==> ignore
    arg [/home/radio/QtProjects/tools_/PlutoSDR/project_038/buildroot_038/output/host/opt/ext-toolchain/bin/../libexec/gcc/arm-linux-gnueabihf/7.3.1/liblto_plugin.so] ==> ignore
    arg [-plugin-opt=/home/radio/QtProjects/tools_/PlutoSDR/project_038/buildroot_038/output/host/opt/ext-toolchain/bin/../libexec/gcc/arm-linux-gnueabihf/7.3.1/lto-wrapper] ==> ignore
    arg [-plugin-opt=-fresolution=/tmp/ccy9rRtW.res] ==> ignore
    arg [-plugin-opt=-pass-through=-lgcc] ==> ignore
    arg [-plugin-opt=-pass-through=-lgcc_s] ==> ignore
    arg [-plugin-opt=-pass-through=-lc] ==> ignore
    arg [-plugin-opt=-pass-through=-lgcc] ==> ignore
    arg [-plugin-opt=-pass-through=-lgcc_s] ==> ignore
    arg [--sysroot=/home/radio/QtProjects/tools_/PlutoSDR/project_038/buildroot_038/output/host/arm-buildroot-linux-gnueabihf/sysroot] ==> ignore
    arg [--build-id] ==> ignore
    arg [--eh-frame-hdr] ==> ignore
    arg [-dynamic-linker] ==> ignore
    arg [/lib/ld-linux-armhf.so.3] ==> ignore
    arg [-X] ==> ignore
    arg [-m] ==> ignore
    arg [armelf_linux_eabi] ==> ignore
    arg [-pie] ==> ignore
    arg [-o] ==> ignore
    arg [cmTC_2ce4b] ==> ignore
    arg [/home/radio/QtProjects/tools_/PlutoSDR/project_038/buildroot_038/output/host/arm-buildroot-linux-gnueabihf/sysroot/usr/lib/Scrt1.o] ==> obj [/home/radio/QtProjects/tools_/PlutoSDR/project_038/buildroot_038/output/host/arm-buildroot-linux-gnueabihf/sysroot/usr/lib/Scrt1.o]
    arg [/home/radio/QtProjects/tools_/PlutoSDR/project_038/buildroot_038/output/host/arm-buildroot-linux-gnueabihf/sysroot/usr/lib/crti.o] ==> obj [/home/radio/QtProjects/tools_/PlutoSDR/project_038/buildroot_038/output/host/arm-buildroot-linux-gnueabihf/sysroot/usr/lib/crti.o]
    arg [/home/radio/QtProjects/tools_/PlutoSDR/project_038/buildroot_038/output/host/opt/ext-toolchain/bin/../lib/gcc/arm-linux-gnueabihf/7.3.1/crtbeginS.o] ==> obj [/home/radio/QtProjects/tools_/PlutoSDR/project_038/buildroot_038/output/host/opt/ext-toolchain/bin/../lib/gcc/arm-linux-gnueabihf/7.3.1/crtbeginS.o]
    arg [-L/home/radio/QtProjects/tools_/PlutoSDR/project_038/buildroot_038/output/host/opt/ext-toolchain/bin/../lib/gcc/arm-linux-gnueabihf/7.3.1] ==> dir [/home/radio/QtProjects/tools_/PlutoSDR/project_038/buildroot_038/output/host/opt/ext-toolchain/bin/../lib/gcc/arm-linux-gnueabihf/7.3.1]
    arg [-L/home/radio/QtProjects/tools_/PlutoSDR/project_038/buildroot_038/output/host/opt/ext-toolchain/bin/../lib/gcc/arm-linux-gnueabihf] ==> dir [/home/radio/QtProjects/tools_/PlutoSDR/project_038/buildroot_038/output/host/opt/ext-toolchain/bin/../lib/gcc/arm-linux-gnueabihf]
    arg [-L/home/radio/QtProjects/tools_/PlutoSDR/project_038/buildroot_038/output/host/opt/ext-toolchain/bin/../lib/gcc] ==> dir [/home/radio/QtProjects/tools_/PlutoSDR/project_038/buildroot_038/output/host/opt/ext-toolchain/bin/../lib/gcc]
    arg [-L/home/radio/QtProjects/tools_/PlutoSDR/project_038/buildroot_038/output/host/opt/ext-toolchain/bin/../lib/gcc/arm-linux-gnueabihf/7.3.1/../../../../arm-linux-gnueabihf/lib] ==> dir [/home/radio/QtProjects/tools_/PlutoSDR/project_038/buildroot_038/output/host/opt/ext-toolchain/bin/../lib/gcc/arm-linux-gnueabihf/7.3.1/../../../../arm-linux-gnueabihf/lib]
    arg [-L/home/radio/QtProjects/tools_/PlutoSDR/project_038/buildroot_038/output/host/arm-buildroot-linux-gnueabihf/sysroot/lib] ==> dir [/home/radio/QtProjects/tools_/PlutoSDR/project_038/buildroot_038/output/host/arm-buildroot-linux-gnueabihf/sysroot/lib]
    arg [-L/home/radio/QtProjects/tools_/PlutoSDR/project_038/buildroot_038/output/host/arm-buildroot-linux-gnueabihf/sysroot/usr/lib] ==> dir [/home/radio/QtProjects/tools_/PlutoSDR/project_038/buildroot_038/output/host/arm-buildroot-linux-gnueabihf/sysroot/usr/lib]
    arg [-znow] ==> ignore
    arg [-zrelro] ==> ignore
    arg [CMakeFiles/cmTC_2ce4b.dir/CMakeCCompilerABI.c.o] ==> ignore
    arg [-lgcc] ==> lib [gcc]
    arg [--as-needed] ==> ignore
    arg [-lgcc_s] ==> lib [gcc_s]
    arg [--no-as-needed] ==> ignore
    arg [-lc] ==> lib [c]
    arg [-lgcc] ==> lib [gcc]
    arg [--as-needed] ==> ignore
    arg [-lgcc_s] ==> lib [gcc_s]
    arg [--no-as-needed] ==> ignore
    arg [/home/radio/QtProjects/tools_/PlutoSDR/project_038/buildroot_038/output/host/opt/ext-toolchain/bin/../lib/gcc/arm-linux-gnueabihf/7.3.1/crtendS.o] ==> obj [/home/radio/QtProjects/tools_/PlutoSDR/project_038/buildroot_038/output/host/opt/ext-toolchain/bin/../lib/gcc/arm-linux-gnueabihf/7.3.1/crtendS.o]
    arg [/home/radio/QtProjects/tools_/PlutoSDR/project_038/buildroot_038/output/host/arm-buildroot-linux-gnueabihf/sysroot/usr/lib/crtn.o] ==> obj [/home/radio/QtProjects/tools_/PlutoSDR/project_038/buildroot_038/output/host/arm-buildroot-linux-gnueabihf/sysroot/usr/lib/crtn.o]
  collapse obj [/home/radio/QtProjects/tools_/PlutoSDR/project_038/buildroot_038/output/host/opt/ext-toolchain/bin/../lib/gcc/arm-linux-gnueabihf/7.3.1/crtbeginS.o] ==> [/home/radio/QtProjects/tools_/PlutoSDR/project_038/buildroot_038/output/host/opt/ext-toolchain/lib/gcc/arm-linux-gnueabihf/7.3.1/crtbeginS.o]
  collapse obj [/home/radio/QtProjects/tools_/PlutoSDR/project_038/buildroot_038/output/host/opt/ext-toolchain/bin/../lib/gcc/arm-linux-gnueabihf/7.3.1/crtendS.o] ==> [/home/radio/QtProjects/tools_/PlutoSDR/project_038/buildroot_038/output/host/opt/ext-toolchain/lib/gcc/arm-linux-gnueabihf/7.3.1/crtendS.o]
  collapse library dir [/home/radio/QtProjects/tools_/PlutoSDR/project_038/buildroot_038/output/host/opt/ext-toolchain/bin/../lib/gcc/arm-linux-gnueabihf/7.3.1] ==> [/home/radio/QtProjects/tools_/PlutoSDR/project_038/buildroot_038/output/host/opt/ext-toolchain/lib/gcc/arm-linux-gnueabihf/7.3.1]
  collapse library dir [/home/radio/QtProjects/tools_/PlutoSDR/project_038/buildroot_038/output/host/opt/ext-toolchain/bin/../lib/gcc/arm-linux-gnueabihf] ==> [/home/radio/QtProjects/tools_/PlutoSDR/project_038/buildroot_038/output/host/opt/ext-toolchain/lib/gcc/arm-linux-gnueabihf]
  collapse library dir [/home/radio/QtProjects/tools_/PlutoSDR/project_038/buildroot_038/output/host/opt/ext-toolchain/bin/../lib/gcc] ==> [/home/radio/QtProjects/tools_/PlutoSDR/project_038/buildroot_038/output/host/opt/ext-toolchain/lib/gcc]
  collapse library dir [/home/radio/QtProjects/tools_/PlutoSDR/project_038/buildroot_038/output/host/opt/ext-toolchain/bin/../lib/gcc/arm-linux-gnueabihf/7.3.1/../../../../arm-linux-gnueabihf/lib] ==> [/home/radio/QtProjects/tools_/PlutoSDR/project_038/buildroot_038/output/host/opt/ext-toolchain/arm-linux-gnueabihf/lib]
  collapse library dir [/home/radio/QtProjects/tools_/PlutoSDR/project_038/buildroot_038/output/host/arm-buildroot-linux-gnueabihf/sysroot/lib] ==> [/home/radio/QtProjects/tools_/PlutoSDR/project_038/buildroot_038/output/host/arm-buildroot-linux-gnueabihf/sysroot/lib]
  collapse library dir [/home/radio/QtProjects/tools_/PlutoSDR/project_038/buildroot_038/output/host/arm-buildroot-linux-gnueabihf/sysroot/usr/lib] ==> [/home/radio/QtProjects/tools_/PlutoSDR/project_038/buildroot_038/output/host/arm-buildroot-linux-gnueabihf/sysroot/usr/lib]
  implicit libs: [gcc;gcc_s;c;gcc;gcc_s]
  implicit objs: [/home/radio/QtProjects/tools_/PlutoSDR/project_038/buildroot_038/output/host/arm-buildroot-linux-gnueabihf/sysroot/usr/lib/Scrt1.o;/home/radio/QtProjects/tools_/PlutoSDR/project_038/buildroot_038/output/host/arm-buildroot-linux-gnueabihf/sysroot/usr/lib/crti.o;/home/radio/QtProjects/tools_/PlutoSDR/project_038/buildroot_038/output/host/opt/ext-toolchain/lib/gcc/arm-linux-gnueabihf/7.3.1/crtbeginS.o;/home/radio/QtProjects/tools_/PlutoSDR/project_038/buildroot_038/output/host/opt/ext-toolchain/lib/gcc/arm-linux-gnueabihf/7.3.1/crtendS.o;/home/radio/QtProjects/tools_/PlutoSDR/project_038/buildroot_038/output/host/arm-buildroot-linux-gnueabihf/sysroot/usr/lib/crtn.o]
  implicit dirs: [/home/radio/QtProjects/tools_/PlutoSDR/project_038/buildroot_038/output/host/opt/ext-toolchain/lib/gcc/arm-linux-gnueabihf/7.3.1;/home/radio/QtProjects/tools_/PlutoSDR/project_038/buildroot_038/output/host/opt/ext-toolchain/lib/gcc/arm-linux-gnueabihf;/home/radio/QtProjects/tools_/PlutoSDR/project_038/buildroot_038/output/host/opt/ext-toolchain/lib/gcc;/home/radio/QtProjects/tools_/PlutoSDR/project_038/buildroot_038/output/host/opt/ext-toolchain/arm-linux-gnueabihf/lib;/home/radio/QtProjects/tools_/PlutoSDR/project_038/buildroot_038/output/host/arm-buildroot-linux-gnueabihf/sysroot/lib;/home/radio/QtProjects/tools_/PlutoSDR/project_038/buildroot_038/output/host/arm-buildroot-linux-gnueabihf/sysroot/usr/lib]
  implicit fwks: []


